#-----------------------------------------------------------
# Vivado v2020.2 (64-bit)
# SW Build 3064766 on Wed Nov 18 09:12:45 MST 2020
# IP Build 3064653 on Wed Nov 18 14:17:31 MST 2020
# Start of session at: Wed Apr 26 13:04:48 2023
# Process ID: 4040
# Current directory: C:/Users/240225/Documents/Project_MorseCode/Vivado/PRJmorse
# Command line: vivado.exe -gui_launcher_event rodinguilauncherevent6220 C:\Users\240225\Documents\Project_MorseCode\Vivado\PRJmorse\PRJmorse.xpr
# Log file: C:/Users/240225/Documents/Project_MorseCode/Vivado/PRJmorse/vivado.log
# Journal file: C:/Users/240225/Documents/Project_MorseCode/Vivado/PRJmorse\vivado.jou
#-----------------------------------------------------------
start_gui
open_project C:/Users/240225/Documents/Project_MorseCode/Vivado/PRJmorse/PRJmorse.xpr
INFO: [Project 1-313] Project file moved from 'E:/Škola/DE1/Project_MorseCode/Vivado/PRJmorse' since last save.
WARNING: [filemgmt 56-3] Board Part Repository Path: Could not find the directory 'C:/Users/RTX3070/AppData/Roaming/Xilinx/Vivado/2020.2/xhub/board_store/xilinx_board_store'.
WARNING: [filemgmt 56-2] Default IP Output Path : Could not find the directory 'C:/Users/240225/Documents/Project_MorseCode/Vivado/PRJmorse/PRJmorse.gen/sources_1', nor could it be found using path 'E:/Škola/DE1/Project_MorseCode/Vivado/PRJmorse/PRJmorse.gen/sources_1'.
WARNING: [filemgmt 56-2] IPUserFilesDir: Could not find the directory 'C:/Users/kola/DE1/Project_MorseCode/Vivado/PRJmorse/PRJmorse.ip_user_files', nor could it be found using path 'E:/kola/DE1/Project_MorseCode/Vivado/PRJmorse/PRJmorse.ip_user_files'.
Scanning sources...
Finished scanning sources
INFO: [IP_Flow 19-234] Refreshing IP repositories
INFO: [Common 17-41] Interrupt caught. Command should exit soon.
INFO: [IP_Flow 19-1704] No user IP repositories specified
INFO: [IP_Flow 19-2338] Canceling the changes to the IP catalog. Reverting the catalog back to its previous state.
INFO: [IP_Flow 19reset_run synth_1
launch_runs synth_1 -jobs 8
[Wed Apr 26 13:05:35 2023] Launched synth_1...
Run output will be captured here: C:/Users/240225/Documents/Project_MorseCode/Vivado/PRJmorse/PRJmorse.runs/synth_1/runme.log
launch_runs impl_1 -jobs 8
[Wed Apr 26 13:06:47 2023] Launched impl_1...
Run output will be captured here: C:/Users/240225/Documents/Project_MorseCode/Vivado/PRJmorse/PRJmorse.runs/impl_1/runme.log
launch_runs impl_1 -to_step write_bitstream -jobs 8
[Wed Apr 26 13:08:18 2023] Launched impl_1...
Run output will be captured here: C:/Users/240225/Documents/Project_MorseCode/Vivado/PRJmorse/PRJmorse.runs/impl_1/runme.log
open_run impl_1
INFO: [Device 21-403] Loading part xc7a50ticsg324-1L
INFO: [Common 17-41] Interrupt caught. Command should exit soon.
Netlist sorting complete. Time (s): cpu = 00:00:00 ; elapsed = 00:00:00.013 . Memory (MB): peak = 1026.633 ; gain = 0.000
INFO: [Netlist 29-17] Analyzing 139 Unisim elements for replacement
INFO: [Netlist 29-28] Unisim Transformation completed in 0 CPU seconds
INFO: [Project 1-479] Netlist was created with Vivado 2020.2
open_run: Time (s): cpu = 00:00:08 ; elapsed = 00:00:09 . Memory (MB): peak = 1026.633 ; gain = 27.379
INFO: [Common 17-344] 'open_run' was cancelled
open_hw_manager
connect_hw_server -allow_non_jtag
INFO: [Labtools 27-2285] Connecting to hw_server url TCP:localhost:3121
INFO: [Labtools 27-2222] Launching hw_server...
INFO: [Labtools 27-2221] Launch Output:

****** Xilinx hw_server v2020.2
  **** Build date : Nov 18 2020 at 10:01:48
    ** Copyright 1986-2020 Xilinx, Inc. All Rights Reserved.


INFO: [Labtools 27-3415] Connecting to cs_server url TCP:localhost:3042
INFO: [Labtools 27-3417] Launching cs_server...
INFO: [Labtools 27-2221] Launch Output:


******** Xilinx cs_server v2020.2
  ****** Build date   : Nov 03 2020-22:02:56
    **** Build number : 2020.2.1604437376
      ** Copyright 2017-2020 Xilinx, Inc. All Rights Reserved.



connect_hw_server: Time (s): cpu = 00:00:02 ; elapsed = 00:00:11 . Memory (MB): peak = 1065.309 ; gain = 21.574
open_hw_target
INFO: [Labtoolstcl 44-466] Opening hw_target localhost:3121/xilinx_tcf/Digilent/210292AD2DAAA
open_hw_target: Time (s): cpu = 00:00:07 ; elapsed = 00:00:08 . Memory (MB): peak = 2602.254 ; gain = 1536.945
set_property PROGRAM.FILE {C:/Users/240225/Documents/Project_MorseCode/Vivado/PRJmorse/PRJmorse.runs/impl_1/top.bit} [get_hw_devices xc7a50t_0]
current_hw_device [get_hw_devices xc7a50t_0]
refresh_hw_device -update_hw_probes false [lindex [get_hw_devices xc7a50t_0] 0]
INFO: [Labtools 27-1434] Device xc7a50t (JTAG device index = 0) is programmed with a design that has no supported debug core(s) in it.
set_property PROBES.FILE {} [get_hw_devices xc7a50t_0]
set_property FULL_PROBES.FILE {} [get_hw_devices xc7a50t_0]
set_property PROGRAM.FILE {C:/Users/240225/Documents/Project_MorseCode/Vivado/PRJmorse/PRJmorse.runs/impl_1/top.bit} [get_hw_devices xc7a50t_0]
program_hw_devices [get_hw_devices xc7a50t_0]
INFO: [Labtools 27-3164] End of startup status: HIGH
refresh_hw_device [lindex [get_hw_devices xc7a50t_0] 0]
INFO: [Labtools 27-1434] Device xc7a50t (JTAG device index = 0) is programmed with a design that has no supported debug core(s) in it.
reset_run synth_1
launch_runs synth_1 -jobs 8
[Wed Apr 26 13:32:56 2023] Launched synth_1...
Run output will be captured here: C:/Users/240225/Documents/Project_MorseCode/Vivado/PRJmorse/PRJmorse.runs/synth_1/runme.log
launch_runs impl_1 -jobs 8
[Wed Apr 26 13:34:12 2023] Launched impl_1...
Run output will be captured here: C:/Users/240225/Documents/Project_MorseCode/Vivado/PRJmorse/PRJmorse.runs/impl_1/runme.log
launch_runs impl_1 -to_step write_bitstream -jobs 8
[Wed Apr 26 13:36:22 2023] Launched impl_1...
Run output will be captured here: C:/Users/240225/Documents/Project_MorseCode/Vivado/PRJmorse/PRJmorse.runs/impl_1/runme.log
set_property PROBES.FILE {} [get_hw_devices xc7a50t_0]
set_property FULL_PROBES.FILE {} [get_hw_devices xc7a50t_0]
set_property PROGRAM.FILE {C:/Users/240225/Documents/Project_MorseCode/Vivado/PRJmorse/PRJmorse.runs/impl_1/top.bit} [get_hw_devices xc7a50t_0]
program_hw_devices [get_hw_devices xc7a50t_0]
INFO: [Labtools 27-3164] End of startup status: HIGH
refresh_hw_device [lindex [get_hw_devices xc7a50t_0] 0]
INFO: [Labtools 27-1434] Device xc7a50t (JTAG device index = 0) is programmed with a design that has no supported debug core(s) in it.
reset_run synth_1
launch_runs impl_1 -jobs 8
[Wed Apr 26 13:40:44 2023] Launched synth_1...
Run output will be captured here: C:/Users/240225/Documents/Project_MorseCode/Vivado/PRJmorse/PRJmorse.runs/synth_1/runme.log
[Wed Apr 26 13:40:44 2023] Launched impl_1...
Run output will be captured here: C:/Users/240225/Documents/Project_MorseCode/Vivado/PRJmorse/PRJmorse.runs/impl_1/runme.log
launch_runs impl_1 -to_step write_bitstream -jobs 8
[Wed Apr 26 13:43:27 2023] Launched impl_1...
Run output will be captured here: C:/Users/240225/Documents/Project_MorseCode/Vivado/PRJmorse/PRJmorse.runs/impl_1/runme.log
ERROR: [Labtoolstcl 44-513] HW Target shutdown. Closing target: localhost:3121/xilinx_tcf/Digilent/210292AD2DAAA
INFO: [Labtoolstcl 44-466] Opening hw_target localhost:3121/xilinx_tcf/Digilent/210292AD2DAAA
INFO: [Labtools 27-1435] Device xc7a50t (JTAG device index = 0) is not programmed (DONE status = 0).
WARNING: [Labtoolstcl 44-129] No matching hw_ila_data was found.
ERROR: [Labtoolstcl 44-513] HW Target shutdown. Closing target: localhost:3121/xilinx_tcf/Digilent/210292AD2DAAA
INFO: [Labtoolstcl 44-466] Opening hw_target localhost:3121/xilinx_tcf/Digilent/210292AD2DAAA
INFO: [Labtools 27-1435] Device xc7a50t (JTAG device index = 0) is not programmed (DONE status = 0).
WARNING: [Labtoolstcl 44-129] No matching hw_ila_data was found.
set_property PROBES.FILE {} [get_hw_devices xc7a50t_0]
set_property FULL_PROBES.FILE {} [get_hw_devices xc7a50t_0]
set_property PROGRAM.FILE {C:/Users/240225/Documents/Project_MorseCode/Vivado/PRJmorse/PRJmorse.runs/impl_1/top.bit} [get_hw_devices xc7a50t_0]
program_hw_devices [get_hw_devices xc7a50t_0]
INFO: [Labtools 27-3164] End of startup status: HIGH
refresh_hw_device [lindex [get_hw_devices xc7a50t_0] 0]
INFO: [Labtools 27-1434] Device xc7a50t (JTAG device index = 0) is programmed with a design that has no supported debug core(s) in it.
reset_run synth_1
launch_runs impl_1 -jobs 8
[Wed Apr 26 13:51:43 2023] Launched synth_1...
Run output will be captured here: C:/Users/240225/Documents/Project_MorseCode/Vivado/PRJmorse/PRJmorse.runs/synth_1/runme.log
[Wed Apr 26 13:51:43 2023] Launched impl_1...
Run output will be captured here: C:/Users/240225/Documents/Project_MorseCode/Vivado/PRJmorse/PRJmorse.runs/impl_1/runme.log
launch_runs impl_1 -to_step write_bitstream -jobs 8
[Wed Apr 26 13:54:15 2023] Launched impl_1...
Run output will be captured here: C:/Users/240225/Documents/Project_MorseCode/Vivado/PRJmorse/PRJmorse.runs/impl_1/runme.log
set_property PROBES.FILE {} [get_hw_devices xc7a50t_0]
set_property FULL_PROBES.FILE {} [get_hw_devices xc7a50t_0]
set_property PROGRAM.FILE {C:/Users/240225/Documents/Project_MorseCode/Vivado/PRJmorse/PRJmorse.runs/impl_1/top.bit} [get_hw_devices xc7a50t_0]
program_hw_devices [get_hw_devices xc7a50t_0]
INFO: [Labtools 27-3164] End of startup status: HIGH
refresh_hw_device [lindex [get_hw_devices xc7a50t_0] 0]
INFO: [Labtools 27-1434] Device xc7a50t (JTAG device index = 0) is programmed with a design that has no supported debug core(s) in it.
open_run impl_1
Netlist sorting complete. Time (s): cpu = 00:00:00 ; elapsed = 00:00:00.013 . Memory (MB): peak = 2685.371 ; gain = 0.000
INFO: [Netlist 29-17] Analyzing 139 Unisim elements for replacement
INFO: [Netlist 29-28] Unisim Transformation completed in 0 CPU seconds
INFO: [Project 1-479] Netlist was created with Vivado 2020.2
INFO: [Project 1-570] Preparing netlist for logic optimization
INFO: [Timing 38-478] Restoring timing data from binary archive.
INFO: [Common 17-41] Interrupt caught. Command should exit soon.
INFO: [Timing 38-479] Binary timing data restore complete.
INFO: [Project 1-856] Restoring constraints from binary archive.
INFO: [Project 1-853] Binary constraint restore complete.
Reading XDEF placement.
Reading placer database...
Reading XDEF routing.
Restored from archive | CPU: 0.000000 secs | Memory: 0.000000 MB |
Finished XDEF File Restore: Time (s): cpu = 00:00:00 ; elapsed = 00:00:00.085 . Memory (MB): peak = 3336.016 ; gain = 0.000
open_run: Time (s): cpu = 00:00:17 ; elapsed = 00:00:16 . Memory (MB): peak = 3336.016 ; gain = 652.887
INFO: [Common 17-344] 'open_run' was cancelled
synth_design -rtl -rtl_skip_mlo -name rtl_1
Command: synth_design -rtl -rtl_skip_mlo -name rtl_1
Starting synth_design
Using part: xc7a50ticsg324-1L
Top: top
---------------------------------------------------------------------------------
Starting RTL Elaboration : Time (s): cpu = 00:00:06 ; elapsed = 00:00:06 . Memory (MB): peak = 3409.598 ; gain = 73.582
---------------------------------------------------------------------------------
INFO: [Synth 8-638] synthesizing module 'top' [C:/Users/240225/Documents/Project_MorseCode/Vivado/PRJmorse/PRJmorse.srcs/sources_1/new/top.vhd:53]
INFO: [Synth 8-638] synthesizing module 'abc_7seg_out' [C:/Users/240225/Documents/Project_MorseCode/Vivado/PRJmorse/PRJmorse.srcs/sources_1/new/abc_7seg_out.vhd:45]
INFO: [Synth 8-256] done synthesizing module 'abc_7seg_out' (1#1) [C:/Users/240225/Documents/Project_MorseCode/Vivado/PRJmorse/PRJmorse.srcs/sources_1/new/abc_7seg_out.vhd:45]
INFO: [Synth 8-638] synthesizing module 'morse_deliver' [C:/Users/240225/Documents/Project_MorseCode/Vivado/PRJmorse/PRJmorse.srcs/sources_1/new/morse_deliver.vhd:41]
INFO: [Synth 8-256] done synthesizing module 'morse_deliver' (2#1) [C:/Users/240225/Documents/Project_MorseCode/Vivado/PRJmorse/PRJmorse.srcs/sources_1/new/morse_deliver.vhd:41]
INFO: [Synth 8-638] synthesizing module 'morse_detect' [C:/Users/240225/Documents/Project_MorseCode/Vivado/PRJmorse/PRJmorse.srcs/sources_1/new/morse_detect.vhd:43]
INFO: [Synth 8-256] done synthesizing module 'morse_detect' (3#1) [C:/Users/240225/Documents/Project_MorseCode/Vivado/PRJmorse/PRJmorse.srcs/sources_1/new/morse_detect.vhd:43]
INFO: [Synth 8-256] done synthesizing module 'top' (4#1) [C:/Users/240225/Documents/Project_MorseCode/Vivado/PRJmorse/PRJmorse.srcs/sources_1/new/top.vhd:53]
---------------------------------------------------------------------------------
Finished RTL Elaboration : Time (s): cpu = 00:00:08 ; elapsed = 00:00:08 . Memory (MB): peak = 3459.988 ; gain = 123.973
---------------------------------------------------------------------------------
---------------------------------------------------------------------------------
Start Handling Custom Attributes
---------------------------------------------------------------------------------
---------------------------------------------------------------------------------
Finished Handling Custom Attributes : Time (s): cpu = 00:00:08 ; elapsed = 00:00:09 . Memory (MB): peak = 3479.922 ; gain = 143.906
---------------------------------------------------------------------------------
---------------------------------------------------------------------------------
Finished RTL Optimization Phase 1 : Time (s): cpu = 00:00:08 ; elapsed = 00:00:09 . Memory (MB): peak = 3479.922 ; gain = 143.906
---------------------------------------------------------------------------------
Netlist sorting complete. Time (s): cpu = 00:00:00 ; elapsed = 00:00:00.030 . Memory (MB): peak = 3479.922 ; gain = 0.000
INFO: [Project 1-570] Preparing netlist for logic optimization

Processing XDC Constraints
Initializing timing engine
Parsing XDC File [C:/Users/240225/Documents/Project_MorseCode/Vivado/PRJmorse/PRJmorse.srcs/constrs_1/new/Nexys-A7-50T-Master.xdc]
Finished Parsing XDC File [C:/Users/240225/Documents/Project_MorseCode/Vivado/PRJmorse/PRJmorse.srcs/constrs_1/new/Nexys-A7-50T-Master.xdc]
Completed Processing XDC Constraints

Netlist sorting complete. Time (s): cpu = 00:00:00 ; elapsed = 00:00:00 . Memory (MB): peak = 3586.879 ; gain = 0.000
INFO: [Project 1-111] Unisim Transformation Summary:
No Unisim elements were transformed.

RTL Elaboration Complete:  : Time (s): cpu = 00:00:24 ; elapsed = 00:00:15 . Memory (MB): peak = 3659.344 ; gain = 323.328
10 Infos, 0 Warnings, 0 Critical Warnings and 0 Errors encountered.
synth_design completed successfully
synth_design: Time (s): cpu = 00:00:24 ; elapsed = 00:00:15 . Memory (MB): peak = 3659.344 ; gain = 323.328
reset_run synth_1
launch_runs impl_1 -jobs 8
[Wed Apr 26 13:59:49 2023] Launched synth_1...
Run output will be captured here: C:/Users/240225/Documents/Project_MorseCode/Vivado/PRJmorse/PRJmorse.runs/synth_1/runme.log
[Wed Apr 26 13:59:49 2023] Launched impl_1...
Run output will be captured here: C:/Users/240225/Documents/Project_MorseCode/Vivado/PRJmorse/PRJmorse.runs/impl_1/runme.log
reset_run impl_1
reset_run synth_1
launch_runs impl_1 -jobs 8
[Wed Apr 26 14:02:55 2023] Launched synth_1...
Run output will be captured here: C:/Users/240225/Documents/Project_MorseCode/Vivado/PRJmorse/PRJmorse.runs/synth_1/runme.log
[Wed Apr 26 14:02:55 2023] Launched impl_1...
Run output will be captured here: C:/Users/240225/Documents/Project_MorseCode/Vivado/PRJmorse/PRJmorse.runs/impl_1/runme.log
launch_runs impl_1 -to_step write_bitstream -jobs 8
[Wed Apr 26 14:05:34 2023] Launched impl_1...
Run output will be captured here: C:/Users/240225/Documents/Project_MorseCode/Vivado/PRJmorse/PRJmorse.runs/impl_1/runme.log
set_property PROBES.FILE {} [get_hw_devices xc7a50t_0]
set_property FULL_PROBES.FILE {} [get_hw_devices xc7a50t_0]
set_property PROGRAM.FILE {C:/Users/240225/Documents/Project_MorseCode/Vivado/PRJmorse/PRJmorse.runs/impl_1/top.bit} [get_hw_devices xc7a50t_0]
program_hw_devices [get_hw_devices xc7a50t_0]
INFO: [Labtools 27-3164] End of startup status: HIGH
refresh_hw_device [lindex [get_hw_devices xc7a50t_0] 0]
INFO: [Labtools 27-1434] Device xc7a50t (JTAG device index = 0) is programmed with a design that has no supported debug core(s) in it.
reset_run synth_1
launch_runs impl_1 -jobs 8
[Wed Apr 26 14:11:27 2023] Launched synth_1...
Run output will be captured here: C:/Users/240225/Documents/Project_MorseCode/Vivado/PRJmorse/PRJmorse.runs/synth_1/runme.log
[Wed Apr 26 14:11:27 2023] Launched impl_1...
Run output will be captured here: C:/Users/240225/Documents/Project_MorseCode/Vivado/PRJmorse/PRJmorse.runs/impl_1/runme.log
launch_runs impl_1 -to_step write_bitstream -jobs 8
[Wed Apr 26 14:13:58 2023] Launched impl_1...
Run output will be captured here: C:/Users/240225/Documents/Project_MorseCode/Vivado/PRJmorse/PRJmorse.runs/impl_1/runme.log
set_property PROBES.FILE {} [get_hw_devices xc7a50t_0]
set_property FULL_PROBES.FILE {} [get_hw_devices xc7a50t_0]
set_property PROGRAM.FILE {C:/Users/240225/Documents/Project_MorseCode/Vivado/PRJmorse/PRJmorse.runs/impl_1/top.bit} [get_hw_devices xc7a50t_0]
program_hw_devices [get_hw_devices xc7a50t_0]
INFO: [Labtools 27-3164] End of startup status: HIGH
refresh_hw_device [lindex [get_hw_devices xc7a50t_0] 0]
INFO: [Labtools 27-1434] Device xc7a50t (JTAG device index = 0) is programmed with a design that has no supported debug core(s) in it.
reset_run synth_1
launch_runs impl_1 -jobs 8
[Wed Apr 26 14:19:13 2023] Launched synth_1...
Run output will be captured here: C:/Users/240225/Documents/Project_MorseCode/Vivado/PRJmorse/PRJmorse.runs/synth_1/runme.log
[Wed Apr 26 14:19:13 2023] Launched impl_1...
Run output will be captured here: C:/Users/240225/Documents/Project_MorseCode/Vivado/PRJmorse/PRJmorse.runs/impl_1/runme.log
launch_runs impl_1 -to_step write_bitstream -jobs 8
[Wed Apr 26 14:22:02 2023] Launched impl_1...
Run output will be captured here: C:/Users/240225/Documents/Project_MorseCode/Vivado/PRJmorse/PRJmorse.runs/impl_1/runme.log
set_property PROBES.FILE {} [get_hw_devices xc7a50t_0]
set_property FULL_PROBES.FILE {} [get_hw_devices xc7a50t_0]
set_property PROGRAM.FILE {C:/Users/240225/Documents/Project_MorseCode/Vivado/PRJmorse/PRJmorse.runs/impl_1/top.bit} [get_hw_devices xc7a50t_0]
program_hw_devices [get_hw_devices xc7a50t_0]
INFO: [Labtools 27-3164] End of startup status: HIGH
refresh_hw_device [lindex [get_hw_devices xc7a50t_0] 0]
INFO: [Labtools 27-1434] Device xc7a50t (JTAG device index = 0) is programmed with a design that has no supported debug core(s) in it.
ERROR: [Labtoolstcl 44-513] HW Target shutdown. Closing target: localhost:3121/xilinx_tcf/Digilent/210292AD2DAAA
exit
INFO: [Common 17-206] Exiting Vivado at Wed Apr 26 14:25:32 2023...
