#-----------------------------------------------------------
# Vivado v2020.2 (64-bit)
# SW Build 3064766 on Wed Nov 18 09:12:45 MST 2020
# IP Build 3064653 on Wed Nov 18 14:17:31 MST 2020
# Start of session at: Thu Apr 13 00:04:58 2023
# Process ID: 16460
# Current directory: E:/Škola/DE1/Project_MorseCode/Vivado/PRJmorse
# Command line: vivado.exe -gui_launcher_event rodinguilauncherevent25100 E:\Škola\DE1\Project_MorseCode\Vivado\PRJmorse\PRJmorse.xpr
# Log file: E:/Škola/DE1/Project_MorseCode/Vivado/PRJmorse/vivado.log
# Journal file: E:/Škola/DE1/Project_MorseCode/Vivado/PRJmorse\vivado.jou
#-----------------------------------------------------------
start_gui
open_project E:/Škola/DE1/Project_MorseCode/Vivado/PRJmorse/PRJmorse.xpr
INFO: [Project 1-313] Project file moved from 'E:/kola/DE1/Project_MorseCode/Vivado/PRJmorse' since last save.
WARNING: [filemgmt 56-2] Default IP Output Path : Could not find the directory 'E:/Škola/DE1/Project_MorseCode/Vivado/PRJmorse/PRJmorse.gen/sources_1', nor could it be found using path 'E:/kola/DE1/Project_MorseCode/Vivado/PRJmorse/PRJmorse.gen/sources_1'.
Scanning sources...
Finished scanning sources
INFO: [IP_Flow 19-234] Refreshing IP repositories
INFO: [IP_Flow 19-1704] No user IP repositories specified
INFO: [IP_Flow 19-2313] Loaded Vivado IP repository 'D:/Programy/Xilinx/Vivado/2020.2/data/ip'.
update_compile_order -fileset sources_1
add_files -norecurse {E:/Škola/DE1/Project_MorseCode/Vivado/PRJmorse/PRJmorse.srcs/sources_1/new/clk_en.vhd E:/Škola/DE1/Project_MorseCode/Vivado/PRJmorse/PRJmorse.srcs/sources_1/new/abc_7seg_out.vhd E:/Škola/DE1/Project_MorseCode/Vivado/PRJmorse/PRJmorse.srcs/sources_1/new/abc_7seg_in.vhd E:/Škola/DE1/Project_MorseCode/Vivado/PRJmorse/PRJmorse.srcs/sources_1/new/top.vhd E:/Škola/DE1/Project_MorseCode/Vivado/PRJmorse/PRJmorse.srcs/sources_1/new/morse_deliver.vhd E:/Škola/DE1/Project_MorseCode/Vivado/PRJmorse/PRJmorse.srcs/sources_1/new/morse_detect.vhd}
WARNING: [filemgmt 56-12] File 'E:/Škola/DE1/Project_MorseCode/Vivado/PRJmorse/PRJmorse.srcs/sources_1/new/clk_en.vhd' cannot be added to the project because it already exists in the project, skipping this file
WARNING: [filemgmt 56-12] File 'E:/Škola/DE1/Project_MorseCode/Vivado/PRJmorse/PRJmorse.srcs/sources_1/new/abc_7seg_out.vhd' cannot be added to the project because it already exists in the project, skipping this file
WARNING: [filemgmt 56-12] File 'E:/Škola/DE1/Project_MorseCode/Vivado/PRJmorse/PRJmorse.srcs/sources_1/new/abc_7seg_in.vhd' cannot be added to the project because it already exists in the project, skipping this file
WARNING: [filemgmt 56-12] File 'E:/Škola/DE1/Project_MorseCode/Vivado/PRJmorse/PRJmorse.srcs/sources_1/new/top.vhd' cannot be added to the project because it already exists in the project, skipping this file
WARNING: [filemgmt 56-12] File 'E:/Škola/DE1/Project_MorseCode/Vivado/PRJmorse/PRJmorse.srcs/sources_1/new/morse_deliver.vhd' cannot be added to the project because it already exists in the project, skipping this file
WARNING: [filemgmt 56-12] File 'E:/Škola/DE1/Project_MorseCode/Vivado/PRJmorse/PRJmorse.srcs/sources_1/new/morse_detect.vhd' cannot be added to the project because it already exists in the project, skipping this file
add_files -norecurse E:/Škola/DE1/Project_MorseCode/Vivado/PRJmorse/PRJmorse.srcs/sources_1/new/abc_7seg_out.vhd
WARNING: [filemgmt 56-12] File 'E:/Škola/DE1/Project_MorseCode/Vivado/PRJmorse/PRJmorse.srcs/sources_1/new/abc_7seg_out.vhd' cannot be added to the project because it already exists in the project, skipping this file
close [ open E:/Škola/DE1/Project_MorseCode/Vivado/PRJmorse/PRJmorse.srcs/sources_1/new/morse_pkg.vhd w ]
add_files E:/Škola/DE1/Project_MorseCode/Vivado/PRJmorse/PRJmorse.srcs/sources_1/new/morse_pkg.vhd
update_compile_order -fileset sources_1
update_compile_order -fileset sources_1
update_compile_order -fileset sources_1
close [ open E:/Škola/DE1/Project_MorseCode/Vivado/PRJmorse/PRJmorse.srcs/sources_1/new/7seg_pkg.vhd w ]
add_files E:/Škola/DE1/Project_MorseCode/Vivado/PRJmorse/PRJmorse.srcs/sources_1/new/7seg_pkg.vhd
update_compile_order -fileset sources_1
update_compile_order -fileset sources_1
update_compile_order -fileset sources_1
update_compile_order -fileset sources_1
update_compile_order -fileset sources_1
update_compile_order -fileset sources_1
update_compile_order -fileset sources_1
update_compile_order -fileset sources_1
exit
INFO: [Common 17-206] Exiting Vivado at Thu Apr 13 04:55:15 2023...
