#-----------------------------------------------------------
# Vivado v2020.2 (64-bit)
# SW Build 3064766 on Wed Nov 18 09:12:45 MST 2020
# IP Build 3064653 on Wed Nov 18 14:17:31 MST 2020
# Start of session at: Wed Apr 26 03:41:22 2023
# Process ID: 20980
# Current directory: E:/Škola/DE1/Project_MorseCode/Vivado/PRJmorse
# Command line: vivado.exe -gui_launcher_event rodinguilauncherevent7816 E:\Škola\DE1\Project_MorseCode\Vivado\PRJmorse\PRJmorse.xpr
# Log file: E:/Škola/DE1/Project_MorseCode/Vivado/PRJmorse/vivado.log
# Journal file: E:/Škola/DE1/Project_MorseCode/Vivado/PRJmorse\vivado.jou
#-----------------------------------------------------------
start_gui
open_project E:/Škola/DE1/Project_MorseCode/Vivado/PRJmorse/PRJmorse.xpr
WARNING: [filemgmt 56-3] Default IP Output Path : Could not find the directory 'E:/Škola/DE1/Project_MorseCode/Vivado/PRJmorse/PRJmorse.gen/sources_1'.
Scanning sources...
Finished scanning sources
INFO: [IP_Flow 19-234] Refreshing IP repositories
INFO: [IP_Flow 19-1704] No user IP repositories specified
INFO: [IP_Flow 19-2313] Loaded Vivado IP repository 'D:/Programy/Xilinx/Vivado/2020.2/data/ip'.
exit
INFO: [Common 17-206] Exiting Vivado at Wed Apr 26 04:38:07 2023...
