#-----------------------------------------------------------
# Vivado v2020.2 (64-bit)
# SW Build 3064766 on Wed Nov 18 09:12:45 MST 2020
# IP Build 3064653 on Wed Nov 18 14:17:31 MST 2020
# Start of session at: Tue Apr 25 23:16:00 2023
# Process ID: 2628
# Current directory: E:/Škola/DE1/Project_MorseCode/Vivado/PRJmorse
# Command line: vivado.exe -gui_launcher_event rodinguilauncherevent2648 E:\Škola\DE1\Project_MorseCode\Vivado\PRJmorse\PRJmorse.xpr
# Log file: E:/Škola/DE1/Project_MorseCode/Vivado/PRJmorse/vivado.log
# Journal file: E:/Škola/DE1/Project_MorseCode/Vivado/PRJmorse\vivado.jou
#-----------------------------------------------------------
start_gui
open_project E:/Škola/DE1/Project_MorseCode/Vivado/PRJmorse/PRJmorse.xpr
WARNING: [filemgmt 56-3] Default IP Output Path : Could not find the directory 'E:/Škola/DE1/Project_MorseCode/Vivado/PRJmorse/PRJmorse.gen/sources_1'.
WARNING: [filemgmt 56-3] IPUserFilesDir: Could not find the directory 'E:/kola/DE1/Project_MorseCode/Vivado/PRJmorse/PRJmorse.ip_user_files'.
Scanning sources...
Finished scanning sources
INFO: [IP_Flow 19-234] Refreshing IP repositories
INFO: [IP_Flow 19-1704] No user IP repositories specified
INFO: [IP_Flow 19-2313] Loaded Vivado IP repository 'D:/Programy/Xilinx/Vivado/2020.2/data/ip'.
WARNING: [filemgmt 56-199] Attempt to get parsing info during refresh. "On-the-fly" syntax checking information may be incorrect. [E:\Škola\DE1\Project_MorseCode\Vivado\PRJmorse\PRJmorse.srcs\sim_1\new\tb_abc_7seg_out.vhd:]
WARNING: [filemgmt 56-199] Attempt to get parsing info during refresh. "On-the-fly" syntax checking information may be incorrect. [E:\Škola\DE1\Project_MorseCode\Vivado\PRJmorse\PRJmorse.srcs\sources_1\new\morse_deliver.vhd:]
WARNING: [filemgmt 56-199] Attempt to get parsing info during refresh. "On-the-fly" syntax checking information may be incorrect. [E:\Škola\DE1\Project_MorseCode\Vivado\PRJmorse\PRJmorse.srcs\sim_1\new\tb_morse_deliver.vhd:]
ERROR: [Common 17-180] Spawn failed: Illegal byte sequence
WARNING: [filemgmt 56-199] Attempt to get parsing info during refresh. "On-the-fly" syntax checking information may be incorrect. [E:\Škola\DE1\Project_MorseCode\Vivado\PRJmorse\PRJmorse.srcs\sim_1\new\tb_abc_7seg_out.vhd:]
WARNING: [filemgmt 56-199] Attempt to get parsing info during refresh. "On-the-fly" syntax checking information may be incorrect. [E:\Škola\DE1\Project_MorseCode\Vivado\PRJmorse\PRJmorse.srcs\sources_1\new\morse_deliver.vhd:]
WARNING: [filemgmt 56-199] Attempt to get parsing info during refresh. "On-the-fly" syntax checking information may be incorrect. [E:\Škola\DE1\Project_MorseCode\Vivado\PRJmorse\PRJmorse.srcs\sim_1\new\tb_morse_deliver.vhd:]
set_property top tb_morse_deliver [get_filesets sim_1]
set_property top_lib xil_defaultlib [get_filesets sim_1]
launch_simulation
Command: launch_simulation 
INFO: [Vivado 12-5682] Launching behavioral simulation in 'E:/Škola/DE1/Project_MorseCode/Vivado/PRJmorse/PRJmorse.sim/sim_1/behav/xsim'
INFO: [SIM-utils-51] Simulation object is 'sim_1'
INFO: [SIM-utils-54] Inspecting design source files for 'tb_morse_deliver' in fileset 'sim_1'...
INFO: [USF-XSim-97] Finding global include files...
INFO: [USF-XSim-100] Fetching design files from 'sources_1'...(this may take a while)...
INFO: [USF-XSim-101] Fetching design files from 'sim_1'...
INFO: [USF-XSim-2] XSim::Compile design
INFO: [USF-XSim-61] Executing 'COMPILE and ANALYZE' step in 'E:/Škola/DE1/Project_MorseCode/Vivado/PRJmorse/PRJmorse.sim/sim_1/behav/xsim'
"xvhdl --incr --relax -prj tb_morse_deliver_vhdl.prj"
INFO: [VRFC 10-163] Analyzing VHDL file "E:/Škola/DE1/Project_MorseCode/Vivado/PRJmorse/PRJmorse.srcs/sim_1/new/tb_morse_deliver.vhd" into library xil_defaultlib
INFO: [VRFC 10-3107] analyzing entity 'tb_morse_deliver'
INFO: [USF-XSim-69] 'compile' step finished in '1' seconds
INFO: [USF-XSim-3] XSim::Elaborate design
INFO: [USF-XSim-61] Executing 'ELABORATE' step in 'E:/Škola/DE1/Project_MorseCode/Vivado/PRJmorse/PRJmorse.sim/sim_1/behav/xsim'
"xelab -wto fc16f6aa1999409ebd0b5d1398a7b0e6 --incr --debug typical --relax --mt 2 -L xil_defaultlib -L secureip --snapshot tb_morse_deliver_behav xil_defaultlib.tb_morse_deliver -log elaborate.log"
Vivado Simulator 2020.2
Copyright 1986-1999, 2001-2020 Xilinx, Inc. All Rights Reserved.
Running: D:/Programy/Xilinx/Vivado/2020.2/bin/unwrapped/win64.o/xelab.exe -wto fc16f6aa1999409ebd0b5d1398a7b0e6 --incr --debug typical --relax --mt 2 -L xil_defaultlib -L secureip --snapshot tb_morse_deliver_behav xil_defaultlib.tb_morse_deliver -log elaborate.log 
Using 2 slave threads.
Starting static elaboration
Completed static elaboration
Starting simulation data flow analysis
Completed simulation data flow analysis
Time Resolution for simulation is 1ps
Compiling package std.standard
Compiling package std.textio
Compiling package ieee.std_logic_1164
Compiling package xil_defaultlib.sev_seg_pkg
Compiling architecture behavioral of entity xil_defaultlib.morse_deliver [morse_deliver_default]
Compiling architecture behavioral of entity xil_defaultlib.tb_morse_deliver
Built simulation snapshot tb_morse_deliver_behav

****** Webtalk v2020.2 (64-bit)
  **** SW Build 3064766 on Wed Nov 18 09:12:45 MST 2020
  **** IP Build 3064653 on Wed Nov 18 14:17:31 MST 2020
    ** Copyright 1986-2020 Xilinx, Inc. All Rights Reserved.

source E:/Škola/DE1/Project_MorseCode/Vivado/PRJmorse/PRJmorse.sim/sim_1/behav/xsim/xsim.dir/tb_morse_deliver_behav/webtalk/xsim_webtalk.tcl -notrace
INFO: [Common 17-186] 'E:/Škola/DE1/Project_MorseCode/Vivado/PRJmorse/PRJmorse.sim/sim_1/behav/xsim/xsim.dir/tb_morse_deliver_behav/webtalk/usage_statistics_ext_xsim.xml' has been successfully sent to Xilinx on Tue Apr 25 23:41:46 2023. For additional details about this file, please refer to the WebTalk help file at D:/Programy/Xilinx/Vivado/2020.2/doc/webtalk_introduction.html.
INFO: [Common 17-206] Exiting Webtalk at Tue Apr 25 23:41:46 2023...
run_program: Time (s): cpu = 00:00:00 ; elapsed = 00:00:05 . Memory (MB): peak = 1103.738 ; gain = 0.000
INFO: [USF-XSim-69] 'elaborate' step finished in '6' seconds
INFO: [USF-XSim-4] XSim::Simulate design
INFO: [USF-XSim-61] Executing 'SIMULATE' step in 'E:/Škola/DE1/Project_MorseCode/Vivado/PRJmorse/PRJmorse.sim/sim_1/behav/xsim'
INFO: [USF-XSim-98] *** Running xsim
   with args "tb_morse_deliver_behav -key {Behavioral:sim_1:Functional:tb_morse_deliver} -tclbatch {tb_morse_deliver.tcl} -log {simulate.log}"
INFO: [USF-XSim-8] Loading simulator feature
Vivado Simulator 2020.2
Time resolution is 1 ps
source tb_morse_deliver.tcl
# set curr_wave [current_wave_config]
# if { [string length $curr_wave] == 0 } {
#   if { [llength [get_objects]] > 0} {
#     add_wave /
#     set_property needs_save false [current_wave_config]
#   } else {
#      send_msg_id Add_Wave-1 WARNING "No top level signals found. Simulator will start without a wave window. If you want to open a wave window go to 'File->New Waveform Configuration' or type 'create_wave_config' in the TCL console."
#   }
# }
# run 10000 ns
INFO: [USF-XSim-96] XSim completed. Design snapshot 'tb_morse_deliver_behav' loaded.
INFO: [USF-XSim-97] XSim simulation ran for 10000 ns
launch_simulation: Time (s): cpu = 00:00:00 ; elapsed = 00:00:10 . Memory (MB): peak = 1125.137 ; gain = 21.398
close_sim
INFO: [Simtcl 6-16] Simulation closed
launch_simulation
Command: launch_simulation 
INFO: [Vivado 12-5682] Launching behavioral simulation in 'E:/Škola/DE1/Project_MorseCode/Vivado/PRJmorse/PRJmorse.sim/sim_1/behav/xsim'
INFO: [SIM-utils-51] Simulation object is 'sim_1'
INFO: [SIM-utils-54] Inspecting design source files for 'tb_morse_deliver' in fileset 'sim_1'...
INFO: [USF-XSim-97] Finding global include files...
INFO: [USF-XSim-100] Fetching design files from 'sources_1'...(this may take a while)...
INFO: [USF-XSim-101] Fetching design files from 'sim_1'...
INFO: [USF-XSim-2] XSim::Compile design
INFO: [USF-XSim-61] Executing 'COMPILE and ANALYZE' step in 'E:/Škola/DE1/Project_MorseCode/Vivado/PRJmorse/PRJmorse.sim/sim_1/behav/xsim'
"xvhdl --incr --relax -prj tb_morse_deliver_vhdl.prj"
INFO: [USF-XSim-69] 'compile' step finished in '1' seconds
INFO: [USF-XSim-3] XSim::Elaborate design
INFO: [USF-XSim-61] Executing 'ELABORATE' step in 'E:/Škola/DE1/Project_MorseCode/Vivado/PRJmorse/PRJmorse.sim/sim_1/behav/xsim'
"xelab -wto fc16f6aa1999409ebd0b5d1398a7b0e6 --incr --debug typical --relax --mt 2 -L xil_defaultlib -L secureip --snapshot tb_morse_deliver_behav xil_defaultlib.tb_morse_deliver -log elaborate.log"
Vivado Simulator 2020.2
Copyright 1986-1999, 2001-2020 Xilinx, Inc. All Rights Reserved.
Running: D:/Programy/Xilinx/Vivado/2020.2/bin/unwrapped/win64.o/xelab.exe -wto fc16f6aa1999409ebd0b5d1398a7b0e6 --incr --debug typical --relax --mt 2 -L xil_defaultlib -L secureip --snapshot tb_morse_deliver_behav xil_defaultlib.tb_morse_deliver -log elaborate.log 
Using 2 slave threads.
Starting static elaboration
Completed static elaboration
INFO: [XSIM 43-4323] No Change in HDL. Linking previously generated obj files to create kernel
INFO: [USF-XSim-69] 'elaborate' step finished in '1' seconds
INFO: [USF-XSim-4] XSim::Simulate design
INFO: [USF-XSim-61] Executing 'SIMULATE' step in 'E:/Škola/DE1/Project_MorseCode/Vivado/PRJmorse/PRJmorse.sim/sim_1/behav/xsim'
INFO: [USF-XSim-98] *** Running xsim
   with args "tb_morse_deliver_behav -key {Behavioral:sim_1:Functional:tb_morse_deliver} -tclbatch {tb_morse_deliver.tcl} -log {simulate.log}"
INFO: [USF-XSim-8] Loading simulator feature
Vivado Simulator 2020.2
Time resolution is 1 ps
source tb_morse_deliver.tcl
# set curr_wave [current_wave_config]
# if { [string length $curr_wave] == 0 } {
#   if { [llength [get_objects]] > 0} {
#     add_wave /
#     set_property needs_save false [current_wave_config]
#   } else {
#      send_msg_id Add_Wave-1 WARNING "No top level signals found. Simulator will start without a wave window. If you want to open a wave window go to 'File->New Waveform Configuration' or type 'create_wave_config' in the TCL console."
#   }
# }
# run 10000 ns
INFO: [USF-XSim-96] XSim completed. Design snapshot 'tb_morse_deliver_behav' loaded.
INFO: [USF-XSim-97] XSim simulation ran for 10000 ns
close_sim
INFO: [Simtcl 6-16] Simulation closed
launch_simulation
Command: launch_simulation 
INFO: [Vivado 12-5682] Launching behavioral simulation in 'E:/Škola/DE1/Project_MorseCode/Vivado/PRJmorse/PRJmorse.sim/sim_1/behav/xsim'
INFO: [SIM-utils-51] Simulation object is 'sim_1'
INFO: [SIM-utils-54] Inspecting design source files for 'tb_morse_deliver' in fileset 'sim_1'...
INFO: [USF-XSim-97] Finding global include files...
INFO: [USF-XSim-100] Fetching design files from 'sources_1'...(this may take a while)...
INFO: [USF-XSim-101] Fetching design files from 'sim_1'...
INFO: [USF-XSim-2] XSim::Compile design
INFO: [USF-XSim-61] Executing 'COMPILE and ANALYZE' step in 'E:/Škola/DE1/Project_MorseCode/Vivado/PRJmorse/PRJmorse.sim/sim_1/behav/xsim'
"xvhdl --incr --relax -prj tb_morse_deliver_vhdl.prj"
INFO: [USF-XSim-69] 'compile' step finished in '1' seconds
INFO: [USF-XSim-3] XSim::Elaborate design
INFO: [USF-XSim-61] Executing 'ELABORATE' step in 'E:/Škola/DE1/Project_MorseCode/Vivado/PRJmorse/PRJmorse.sim/sim_1/behav/xsim'
"xelab -wto fc16f6aa1999409ebd0b5d1398a7b0e6 --incr --debug typical --relax --mt 2 -L xil_defaultlib -L secureip --snapshot tb_morse_deliver_behav xil_defaultlib.tb_morse_deliver -log elaborate.log"
Vivado Simulator 2020.2
Copyright 1986-1999, 2001-2020 Xilinx, Inc. All Rights Reserved.
Running: D:/Programy/Xilinx/Vivado/2020.2/bin/unwrapped/win64.o/xelab.exe -wto fc16f6aa1999409ebd0b5d1398a7b0e6 --incr --debug typical --relax --mt 2 -L xil_defaultlib -L secureip --snapshot tb_morse_deliver_behav xil_defaultlib.tb_morse_deliver -log elaborate.log 
Using 2 slave threads.
Starting static elaboration
Completed static elaboration
INFO: [XSIM 43-4323] No Change in HDL. Linking previously generated obj files to create kernel
INFO: [USF-XSim-69] 'elaborate' step finished in '1' seconds
INFO: [USF-XSim-4] XSim::Simulate design
INFO: [USF-XSim-61] Executing 'SIMULATE' step in 'E:/Škola/DE1/Project_MorseCode/Vivado/PRJmorse/PRJmorse.sim/sim_1/behav/xsim'
INFO: [USF-XSim-98] *** Running xsim
   with args "tb_morse_deliver_behav -key {Behavioral:sim_1:Functional:tb_morse_deliver} -tclbatch {tb_morse_deliver.tcl} -log {simulate.log}"
INFO: [USF-XSim-8] Loading simulator feature
Vivado Simulator 2020.2
Time resolution is 1 ps
source tb_morse_deliver.tcl
# set curr_wave [current_wave_config]
# if { [string length $curr_wave] == 0 } {
#   if { [llength [get_objects]] > 0} {
#     add_wave /
#     set_property needs_save false [current_wave_config]
#   } else {
#      send_msg_id Add_Wave-1 WARNING "No top level signals found. Simulator will start without a wave window. If you want to open a wave window go to 'File->New Waveform Configuration' or type 'create_wave_config' in the TCL console."
#   }
# }
# run 10000 ns
INFO: [USF-XSim-96] XSim completed. Design snapshot 'tb_morse_deliver_behav' loaded.
INFO: [USF-XSim-97] XSim simulation ran for 10000 ns
add_bp {E:/Škola/DE1/Project_MorseCode/Vivado/PRJmorse/PRJmorse.srcs/sources_1/new/morse_deliver.vhd} 142
remove_bps -file {E:/Škola/DE1/Project_MorseCode/Vivado/PRJmorse/PRJmorse.srcs/sources_1/new/morse_deliver.vhd} -line 142
add_bp {E:/Škola/DE1/Project_MorseCode/Vivado/PRJmorse/PRJmorse.srcs/sources_1/new/morse_deliver.vhd} 50
relaunch_sim
Command: launch_simulation -simset sim_1 -mode behavioral
INFO: [Vivado 12-5682] Launching behavioral simulation in 'E:/Škola/DE1/Project_MorseCode/Vivado/PRJmorse/PRJmorse.sim/sim_1/behav/xsim'
INFO: [SIM-utils-51] Simulation object is 'sim_1'
INFO: [SIM-utils-54] Inspecting design source files for 'tb_morse_deliver' in fileset 'sim_1'...
INFO: [USF-XSim-97] Finding global include files...
INFO: [USF-XSim-100] Fetching design files from 'sources_1'...(this may take a while)...
INFO: [USF-XSim-101] Fetching design files from 'sim_1'...
INFO: [USF-XSim-2] XSim::Compile design
INFO: [USF-XSim-61] Executing 'COMPILE and ANALYZE' step in 'E:/Škola/DE1/Project_MorseCode/Vivado/PRJmorse/PRJmorse.sim/sim_1/behav/xsim'
"xvhdl --incr --relax -prj tb_morse_deliver_vhdl.prj"
INFO: [USF-XSim-69] 'compile' step finished in '1' seconds
Command: launch_simulation -simset sim_1 -mode behavioral
INFO: [Vivado 12-5682] Launching behavioral simulation in 'E:/Škola/DE1/Project_MorseCode/Vivado/PRJmorse/PRJmorse.sim/sim_1/behav/xsim'
INFO: [USF-XSim-3] XSim::Elaborate design
INFO: [USF-XSim-61] Executing 'ELABORATE' step in 'E:/Škola/DE1/Project_MorseCode/Vivado/PRJmorse/PRJmorse.sim/sim_1/behav/xsim'
"xelab -wto fc16f6aa1999409ebd0b5d1398a7b0e6 --incr --debug typical --relax --mt 2 -L xil_defaultlib -L secureip --snapshot tb_morse_deliver_behav xil_defaultlib.tb_morse_deliver -log elaborate.log"
Vivado Simulator 2020.2
Copyright 1986-1999, 2001-2020 Xilinx, Inc. All Rights Reserved.
Running: D:/Programy/Xilinx/Vivado/2020.2/bin/unwrapped/win64.o/xelab.exe -wto fc16f6aa1999409ebd0b5d1398a7b0e6 --incr --debug typical --relax --mt 2 -L xil_defaultlib -L secureip --snapshot tb_morse_deliver_behav xil_defaultlib.tb_morse_deliver -log elaborate.log 
Using 2 slave threads.
Starting static elaboration
Completed static elaboration
INFO: [XSIM 43-4323] No Change in HDL. Linking previously generated obj files to create kernel
INFO: [USF-XSim-69] 'elaborate' step finished in '1' seconds
Vivado Simulator 2020.2
Time resolution is 1 ps
Stopped at time : 0 fs : File "E:/Škola/DE1/Project_MorseCode/Vivado/PRJmorse/PRJmorse.srcs/sources_1/new/morse_deliver.vhd" Line 50
step
Stopped at time : 0 fs : File "E:/Škola/DE1/Project_MorseCode/Vivado/PRJmorse/PRJmorse.srcs/sim_1/new/tb_morse_deliver.vhd" Line 73
step
Stopped at time : 0 fs : File "E:/Škola/DE1/Project_MorseCode/Vivado/PRJmorse/PRJmorse.srcs/sim_1/new/tb_morse_deliver.vhd" Line 74
step
Stopped at time : 0 fs : File "E:/Škola/DE1/Project_MorseCode/Vivado/PRJmorse/PRJmorse.srcs/sim_1/new/tb_morse_deliver.vhd" Line 75
step
Stopped at time : 0 fs : File "E:/Škola/DE1/Project_MorseCode/Vivado/PRJmorse/PRJmorse.srcs/sim_1/new/tb_morse_deliver.vhd" Line 62
step
Stopped at time : 0 fs : File "E:/Škola/DE1/Project_MorseCode/Vivado/PRJmorse/PRJmorse.srcs/sim_1/new/tb_morse_deliver.vhd" Line 63
step
Stopped at time : 0 fs : File "E:/Škola/DE1/Project_MorseCode/Vivado/PRJmorse/PRJmorse.srcs/sim_1/new/tb_morse_deliver.vhd" Line 64
step
Stopped at time : 0 fs : File "E:/Škola/DE1/Project_MorseCode/Vivado/PRJmorse/PRJmorse.srcs/sources_1/new/morse_deliver.vhd" Line 50
step
Stopped at time : 5 ns : File "E:/Škola/DE1/Project_MorseCode/Vivado/PRJmorse/PRJmorse.srcs/sim_1/new/tb_morse_deliver.vhd" Line 65
step
Stopped at time : 5 ns : File "E:/Škola/DE1/Project_MorseCode/Vivado/PRJmorse/PRJmorse.srcs/sim_1/new/tb_morse_deliver.vhd" Line 66
step
Stopped at time : 5 ns : File "E:/Škola/DE1/Project_MorseCode/Vivado/PRJmorse/PRJmorse.srcs/sources_1/new/morse_deliver.vhd" Line 50
step
Stopped at time : 5 ns : File "E:/Škola/DE1/Project_MorseCode/Vivado/PRJmorse/PRJmorse.srcs/sources_1/new/morse_deliver.vhd" Line 51
step
Stopped at time : 5 ns : File "E:/Škola/DE1/Project_MorseCode/Vivado/PRJmorse/PRJmorse.srcs/sources_1/new/morse_deliver.vhd" Line 52
step
Stopped at time : 5 ns : File "E:/Škola/DE1/Project_MorseCode/Vivado/PRJmorse/PRJmorse.srcs/sources_1/new/morse_deliver.vhd" Line 53
step
Stopped at time : 5 ns : File "E:/Škola/DE1/Project_MorseCode/Vivado/PRJmorse/PRJmorse.srcs/sources_1/new/morse_deliver.vhd" Line 54
step
Stopped at time : 5 ns : File "E:/Škola/DE1/Project_MorseCode/Vivado/PRJmorse/PRJmorse.srcs/sources_1/new/morse_deliver.vhd" Line 134
step
Stopped at time : 10 ns : File "E:/Škola/DE1/Project_MorseCode/Vivado/PRJmorse/PRJmorse.srcs/sim_1/new/tb_morse_deliver.vhd" Line 63
step
Stopped at time : 10 ns : File "E:/Škola/DE1/Project_MorseCode/Vivado/PRJmorse/PRJmorse.srcs/sim_1/new/tb_morse_deliver.vhd" Line 64
step
Stopped at time : 10 ns : File "E:/Škola/DE1/Project_MorseCode/Vivado/PRJmorse/PRJmorse.srcs/sources_1/new/morse_deliver.vhd" Line 50
step
Stopped at time : 15 ns : File "E:/Škola/DE1/Project_MorseCode/Vivado/PRJmorse/PRJmorse.srcs/sim_1/new/tb_morse_deliver.vhd" Line 65
step
Stopped at time : 15 ns : File "E:/Škola/DE1/Project_MorseCode/Vivado/PRJmorse/PRJmorse.srcs/sim_1/new/tb_morse_deliver.vhd" Line 66
step
Stopped at time : 15 ns : File "E:/Škola/DE1/Project_MorseCode/Vivado/PRJmorse/PRJmorse.srcs/sources_1/new/morse_deliver.vhd" Line 50
step
Stopped at time : 15 ns : File "E:/Škola/DE1/Project_MorseCode/Vivado/PRJmorse/PRJmorse.srcs/sources_1/new/morse_deliver.vhd" Line 51
step
Stopped at time : 15 ns : File "E:/Škola/DE1/Project_MorseCode/Vivado/PRJmorse/PRJmorse.srcs/sources_1/new/morse_deliver.vhd" Line 52
step
Stopped at time : 15 ns : File "E:/Škola/DE1/Project_MorseCode/Vivado/PRJmorse/PRJmorse.srcs/sources_1/new/morse_deliver.vhd" Line 53
step
Stopped at time : 15 ns : File "E:/Škola/DE1/Project_MorseCode/Vivado/PRJmorse/PRJmorse.srcs/sources_1/new/morse_deliver.vhd" Line 54
step
Stopped at time : 15 ns : File "E:/Škola/DE1/Project_MorseCode/Vivado/PRJmorse/PRJmorse.srcs/sources_1/new/morse_deliver.vhd" Line 134
step
Stopped at time : 20 ns : File "E:/Škola/DE1/Project_MorseCode/Vivado/PRJmorse/PRJmorse.srcs/sim_1/new/tb_morse_deliver.vhd" Line 63
step
Stopped at time : 20 ns : File "E:/Škola/DE1/Project_MorseCode/Vivado/PRJmorse/PRJmorse.srcs/sim_1/new/tb_morse_deliver.vhd" Line 64
step
Stopped at time : 20 ns : File "E:/Škola/DE1/Project_MorseCode/Vivado/PRJmorse/PRJmorse.srcs/sources_1/new/morse_deliver.vhd" Line 50
step
Stopped at time : 25 ns : File "E:/Škola/DE1/Project_MorseCode/Vivado/PRJmorse/PRJmorse.srcs/sim_1/new/tb_morse_deliver.vhd" Line 65
step
Stopped at time : 25 ns : File "E:/Škola/DE1/Project_MorseCode/Vivado/PRJmorse/PRJmorse.srcs/sim_1/new/tb_morse_deliver.vhd" Line 66
step
Stopped at time : 25 ns : File "E:/Škola/DE1/Project_MorseCode/Vivado/PRJmorse/PRJmorse.srcs/sources_1/new/morse_deliver.vhd" Line 50
step
Stopped at time : 25 ns : File "E:/Škola/DE1/Project_MorseCode/Vivado/PRJmorse/PRJmorse.srcs/sources_1/new/morse_deliver.vhd" Line 51
step
Stopped at time : 25 ns : File "E:/Škola/DE1/Project_MorseCode/Vivado/PRJmorse/PRJmorse.srcs/sources_1/new/morse_deliver.vhd" Line 52
step
Stopped at time : 25 ns : File "E:/Škola/DE1/Project_MorseCode/Vivado/PRJmorse/PRJmorse.srcs/sources_1/new/morse_deliver.vhd" Line 53
step
Stopped at time : 25 ns : File "E:/Škola/DE1/Project_MorseCode/Vivado/PRJmorse/PRJmorse.srcs/sources_1/new/morse_deliver.vhd" Line 54
step
Stopped at time : 25 ns : File "E:/Škola/DE1/Project_MorseCode/Vivado/PRJmorse/PRJmorse.srcs/sources_1/new/morse_deliver.vhd" Line 134
step
Stopped at time : 30 ns : File "E:/Škola/DE1/Project_MorseCode/Vivado/PRJmorse/PRJmorse.srcs/sim_1/new/tb_morse_deliver.vhd" Line 63
step
Stopped at time : 30 ns : File "E:/Škola/DE1/Project_MorseCode/Vivado/PRJmorse/PRJmorse.srcs/sim_1/new/tb_morse_deliver.vhd" Line 64
step
Stopped at time : 30 ns : File "E:/Škola/DE1/Project_MorseCode/Vivado/PRJmorse/PRJmorse.srcs/sources_1/new/morse_deliver.vhd" Line 50
step
Stopped at time : 35 ns : File "E:/Škola/DE1/Project_MorseCode/Vivado/PRJmorse/PRJmorse.srcs/sim_1/new/tb_morse_deliver.vhd" Line 65
step
Stopped at time : 35 ns : File "E:/Škola/DE1/Project_MorseCode/Vivado/PRJmorse/PRJmorse.srcs/sim_1/new/tb_morse_deliver.vhd" Line 66
step
Stopped at time : 35 ns : File "E:/Škola/DE1/Project_MorseCode/Vivado/PRJmorse/PRJmorse.srcs/sources_1/new/morse_deliver.vhd" Line 50
step
Stopped at time : 35 ns : File "E:/Škola/DE1/Project_MorseCode/Vivado/PRJmorse/PRJmorse.srcs/sources_1/new/morse_deliver.vhd" Line 51
add_bp {E:/Škola/DE1/Project_MorseCode/Vivado/PRJmorse/PRJmorse.srcs/sources_1/new/morse_deliver.vhd} 55
remove_bps -file {E:/Škola/DE1/Project_MorseCode/Vivado/PRJmorse/PRJmorse.srcs/sources_1/new/morse_deliver.vhd} -line 50
relaunch_sim
Command: launch_simulation -simset sim_1 -mode behavioral
INFO: [Vivado 12-5682] Launching behavioral simulation in 'E:/Škola/DE1/Project_MorseCode/Vivado/PRJmorse/PRJmorse.sim/sim_1/behav/xsim'
INFO: [SIM-utils-51] Simulation object is 'sim_1'
INFO: [SIM-utils-54] Inspecting design source files for 'tb_morse_deliver' in fileset 'sim_1'...
INFO: [USF-XSim-97] Finding global include files...
INFO: [USF-XSim-100] Fetching design files from 'sources_1'...(this may take a while)...
INFO: [USF-XSim-101] Fetching design files from 'sim_1'...
INFO: [USF-XSim-2] XSim::Compile design
INFO: [USF-XSim-61] Executing 'COMPILE and ANALYZE' step in 'E:/Škola/DE1/Project_MorseCode/Vivado/PRJmorse/PRJmorse.sim/sim_1/behav/xsim'
"xvhdl --incr --relax -prj tb_morse_deliver_vhdl.prj"
INFO: [USF-XSim-69] 'compile' step finished in '1' seconds
Command: launch_simulation -simset sim_1 -mode behavioral
INFO: [Vivado 12-5682] Launching behavioral simulation in 'E:/Škola/DE1/Project_MorseCode/Vivado/PRJmorse/PRJmorse.sim/sim_1/behav/xsim'
INFO: [USF-XSim-3] XSim::Elaborate design
INFO: [USF-XSim-61] Executing 'ELABORATE' step in 'E:/Škola/DE1/Project_MorseCode/Vivado/PRJmorse/PRJmorse.sim/sim_1/behav/xsim'
"xelab -wto fc16f6aa1999409ebd0b5d1398a7b0e6 --incr --debug typical --relax --mt 2 -L xil_defaultlib -L secureip --snapshot tb_morse_deliver_behav xil_defaultlib.tb_morse_deliver -log elaborate.log"
Vivado Simulator 2020.2
Copyright 1986-1999, 2001-2020 Xilinx, Inc. All Rights Reserved.
Running: D:/Programy/Xilinx/Vivado/2020.2/bin/unwrapped/win64.o/xelab.exe -wto fc16f6aa1999409ebd0b5d1398a7b0e6 --incr --debug typical --relax --mt 2 -L xil_defaultlib -L secureip --snapshot tb_morse_deliver_behav xil_defaultlib.tb_morse_deliver -log elaborate.log 
Using 2 slave threads.
Starting static elaboration
Completed static elaboration
INFO: [XSIM 43-4323] No Change in HDL. Linking previously generated obj files to create kernel
INFO: [USF-XSim-69] 'elaborate' step finished in '1' seconds
Vivado Simulator 2020.2
Time resolution is 1 ps
Stopped at time : 325 ns : File "E:/Škola/DE1/Project_MorseCode/Vivado/PRJmorse/PRJmorse.srcs/sources_1/new/morse_deliver.vhd" Line 55
add_bp {E:/Škola/DE1/Project_MorseCode/Vivado/PRJmorse/PRJmorse.srcs/sim_1/new/tb_morse_deliver.vhd} 77
remove_bps -file {E:/Škola/DE1/Project_MorseCode/Vivado/PRJmorse/PRJmorse.srcs/sim_1/new/tb_morse_deliver.vhd} -line 77
add_bp {E:/Škola/DE1/Project_MorseCode/Vivado/PRJmorse/PRJmorse.srcs/sim_1/new/tb_morse_deliver.vhd} 78
remove_bps -file {E:/Škola/DE1/Project_MorseCode/Vivado/PRJmorse/PRJmorse.srcs/sources_1/new/morse_deliver.vhd} -line 55
relaunch_sim
Command: launch_simulation -simset sim_1 -mode behavioral
INFO: [Vivado 12-5682] Launching behavioral simulation in 'E:/Škola/DE1/Project_MorseCode/Vivado/PRJmorse/PRJmorse.sim/sim_1/behav/xsim'
INFO: [SIM-utils-51] Simulation object is 'sim_1'
INFO: [SIM-utils-54] Inspecting design source files for 'tb_morse_deliver' in fileset 'sim_1'...
INFO: [USF-XSim-97] Finding global include files...
INFO: [USF-XSim-100] Fetching design files from 'sources_1'...(this may take a while)...
INFO: [USF-XSim-101] Fetching design files from 'sim_1'...
INFO: [USF-XSim-2] XSim::Compile design
INFO: [USF-XSim-61] Executing 'COMPILE and ANALYZE' step in 'E:/Škola/DE1/Project_MorseCode/Vivado/PRJmorse/PRJmorse.sim/sim_1/behav/xsim'
"xvhdl --incr --relax -prj tb_morse_deliver_vhdl.prj"
INFO: [USF-XSim-69] 'compile' step finished in '1' seconds
Command: launch_simulation -simset sim_1 -mode behavioral
INFO: [Vivado 12-5682] Launching behavioral simulation in 'E:/Škola/DE1/Project_MorseCode/Vivado/PRJmorse/PRJmorse.sim/sim_1/behav/xsim'
INFO: [USF-XSim-3] XSim::Elaborate design
INFO: [USF-XSim-61] Executing 'ELABORATE' step in 'E:/Škola/DE1/Project_MorseCode/Vivado/PRJmorse/PRJmorse.sim/sim_1/behav/xsim'
"xelab -wto fc16f6aa1999409ebd0b5d1398a7b0e6 --incr --debug typical --relax --mt 2 -L xil_defaultlib -L secureip --snapshot tb_morse_deliver_behav xil_defaultlib.tb_morse_deliver -log elaborate.log"
Vivado Simulator 2020.2
Copyright 1986-1999, 2001-2020 Xilinx, Inc. All Rights Reserved.
Running: D:/Programy/Xilinx/Vivado/2020.2/bin/unwrapped/win64.o/xelab.exe -wto fc16f6aa1999409ebd0b5d1398a7b0e6 --incr --debug typical --relax --mt 2 -L xil_defaultlib -L secureip --snapshot tb_morse_deliver_behav xil_defaultlib.tb_morse_deliver -log elaborate.log 
Using 2 slave threads.
Starting static elaboration
Completed static elaboration
INFO: [XSIM 43-4323] No Change in HDL. Linking previously generated obj files to create kernel
INFO: [USF-XSim-69] 'elaborate' step finished in '1' seconds
Vivado Simulator 2020.2
Time resolution is 1 ps
Stopped at time : 300 ns : File "E:/Škola/DE1/Project_MorseCode/Vivado/PRJmorse/PRJmorse.srcs/sim_1/new/tb_morse_deliver.vhd" Line 78
step
Stopped at time : 300 ns : File "E:/Škola/DE1/Project_MorseCode/Vivado/PRJmorse/PRJmorse.srcs/sim_1/new/tb_morse_deliver.vhd" Line 63
step
Stopped at time : 300 ns : File "E:/Škola/DE1/Project_MorseCode/Vivado/PRJmorse/PRJmorse.srcs/sim_1/new/tb_morse_deliver.vhd" Line 64
step
Stopped at time : 300 ns : File "E:/Škola/DE1/Project_MorseCode/Vivado/PRJmorse/PRJmorse.srcs/sources_1/new/morse_deliver.vhd" Line 50
step
Stopped at time : 305 ns : File "E:/Škola/DE1/Project_MorseCode/Vivado/PRJmorse/PRJmorse.srcs/sim_1/new/tb_morse_deliver.vhd" Line 65
step
Stopped at time : 305 ns : File "E:/Škola/DE1/Project_MorseCode/Vivado/PRJmorse/PRJmorse.srcs/sim_1/new/tb_morse_deliver.vhd" Line 66
step
Stopped at time : 305 ns : File "E:/Škola/DE1/Project_MorseCode/Vivado/PRJmorse/PRJmorse.srcs/sources_1/new/morse_deliver.vhd" Line 50
step
Stopped at time : 305 ns : File "E:/Škola/DE1/Project_MorseCode/Vivado/PRJmorse/PRJmorse.srcs/sources_1/new/morse_deliver.vhd" Line 51
step
Stopped at time : 305 ns : File "E:/Škola/DE1/Project_MorseCode/Vivado/PRJmorse/PRJmorse.srcs/sources_1/new/morse_deliver.vhd" Line 52
step
Stopped at time : 305 ns : File "E:/Škola/DE1/Project_MorseCode/Vivado/PRJmorse/PRJmorse.srcs/sources_1/new/morse_deliver.vhd" Line 53
step
Stopped at time : 305 ns : File "E:/Škola/DE1/Project_MorseCode/Vivado/PRJmorse/PRJmorse.srcs/sources_1/new/morse_deliver.vhd" Line 54
step
Stopped at time : 305 ns : File "E:/Škola/DE1/Project_MorseCode/Vivado/PRJmorse/PRJmorse.srcs/sources_1/new/morse_deliver.vhd" Line 134
step
Stopped at time : 310 ns : File "E:/Škola/DE1/Project_MorseCode/Vivado/PRJmorse/PRJmorse.srcs/sim_1/new/tb_morse_deliver.vhd" Line 63
step
Stopped at time : 310 ns : File "E:/Škola/DE1/Project_MorseCode/Vivado/PRJmorse/PRJmorse.srcs/sim_1/new/tb_morse_deliver.vhd" Line 64
step
Stopped at time : 310 ns : File "E:/Škola/DE1/Project_MorseCode/Vivado/PRJmorse/PRJmorse.srcs/sources_1/new/morse_deliver.vhd" Line 50
step
Stopped at time : 315 ns : File "E:/Škola/DE1/Project_MorseCode/Vivado/PRJmorse/PRJmorse.srcs/sim_1/new/tb_morse_deliver.vhd" Line 65
step
Stopped at time : 315 ns : File "E:/Škola/DE1/Project_MorseCode/Vivado/PRJmorse/PRJmorse.srcs/sim_1/new/tb_morse_deliver.vhd" Line 66
step
Stopped at time : 315 ns : File "E:/Škola/DE1/Project_MorseCode/Vivado/PRJmorse/PRJmorse.srcs/sources_1/new/morse_deliver.vhd" Line 50
step
Stopped at time : 315 ns : File "E:/Škola/DE1/Project_MorseCode/Vivado/PRJmorse/PRJmorse.srcs/sources_1/new/morse_deliver.vhd" Line 51
step
Stopped at time : 315 ns : File "E:/Škola/DE1/Project_MorseCode/Vivado/PRJmorse/PRJmorse.srcs/sources_1/new/morse_deliver.vhd" Line 52
step
Stopped at time : 315 ns : File "E:/Škola/DE1/Project_MorseCode/Vivado/PRJmorse/PRJmorse.srcs/sources_1/new/morse_deliver.vhd" Line 53
step
Stopped at time : 315 ns : File "E:/Škola/DE1/Project_MorseCode/Vivado/PRJmorse/PRJmorse.srcs/sources_1/new/morse_deliver.vhd" Line 54
step
Stopped at time : 315 ns : File "E:/Škola/DE1/Project_MorseCode/Vivado/PRJmorse/PRJmorse.srcs/sources_1/new/morse_deliver.vhd" Line 134
step
Stopped at time : 320 ns : File "E:/Škola/DE1/Project_MorseCode/Vivado/PRJmorse/PRJmorse.srcs/sim_1/new/tb_morse_deliver.vhd" Line 79
step
Stopped at time : 320 ns : File "E:/Škola/DE1/Project_MorseCode/Vivado/PRJmorse/PRJmorse.srcs/sim_1/new/tb_morse_deliver.vhd" Line 80
step
Stopped at time : 320 ns : File "E:/Škola/DE1/Project_MorseCode/Vivado/PRJmorse/PRJmorse.srcs/sim_1/new/tb_morse_deliver.vhd" Line 63
step
Stopped at time : 320 ns : File "E:/Škola/DE1/Project_MorseCode/Vivado/PRJmorse/PRJmorse.srcs/sim_1/new/tb_morse_deliver.vhd" Line 64
step
Stopped at time : 320 ns : File "E:/Škola/DE1/Project_MorseCode/Vivado/PRJmorse/PRJmorse.srcs/sources_1/new/morse_deliver.vhd" Line 50
step
Stopped at time : 325 ns : File "E:/Škola/DE1/Project_MorseCode/Vivado/PRJmorse/PRJmorse.srcs/sim_1/new/tb_morse_deliver.vhd" Line 65
step
Stopped at time : 325 ns : File "E:/Škola/DE1/Project_MorseCode/Vivado/PRJmorse/PRJmorse.srcs/sim_1/new/tb_morse_deliver.vhd" Line 66
step
Stopped at time : 325 ns : File "E:/Škola/DE1/Project_MorseCode/Vivado/PRJmorse/PRJmorse.srcs/sources_1/new/morse_deliver.vhd" Line 50
step
Stopped at time : 325 ns : File "E:/Škola/DE1/Project_MorseCode/Vivado/PRJmorse/PRJmorse.srcs/sources_1/new/morse_deliver.vhd" Line 51
step
Stopped at time : 325 ns : File "E:/Škola/DE1/Project_MorseCode/Vivado/PRJmorse/PRJmorse.srcs/sources_1/new/morse_deliver.vhd" Line 52
step
Stopped at time : 325 ns : File "E:/Škola/DE1/Project_MorseCode/Vivado/PRJmorse/PRJmorse.srcs/sources_1/new/morse_deliver.vhd" Line 53
step
Stopped at time : 325 ns : File "E:/Škola/DE1/Project_MorseCode/Vivado/PRJmorse/PRJmorse.srcs/sources_1/new/morse_deliver.vhd" Line 54
step
Stopped at time : 325 ns : File "E:/Škola/DE1/Project_MorseCode/Vivado/PRJmorse/PRJmorse.srcs/sources_1/new/morse_deliver.vhd" Line 55
step
Stopped at time : 325 ns : File "E:/Škola/DE1/Project_MorseCode/Vivado/PRJmorse/PRJmorse.srcs/sources_1/new/morse_deliver.vhd" Line 129
step
Stopped at time : 325 ns : File "E:/Škola/DE1/Project_MorseCode/Vivado/PRJmorse/PRJmorse.srcs/sources_1/new/morse_deliver.vhd" Line 131
step
Stopped at time : 325 ns : File "E:/Škola/DE1/Project_MorseCode/Vivado/PRJmorse/PRJmorse.srcs/sources_1/new/morse_deliver.vhd" Line 132
step
Stopped at time : 325 ns : File "E:/Škola/DE1/Project_MorseCode/Vivado/PRJmorse/PRJmorse.srcs/sources_1/new/morse_deliver.vhd" Line 134
step
Stopped at time : 330 ns : File "E:/Škola/DE1/Project_MorseCode/Vivado/PRJmorse/PRJmorse.srcs/sim_1/new/tb_morse_deliver.vhd" Line 63
step
Stopped at time : 330 ns : File "E:/Škola/DE1/Project_MorseCode/Vivado/PRJmorse/PRJmorse.srcs/sim_1/new/tb_morse_deliver.vhd" Line 64
step
Stopped at time : 330 ns : File "E:/Škola/DE1/Project_MorseCode/Vivado/PRJmorse/PRJmorse.srcs/sources_1/new/morse_deliver.vhd" Line 50
step
Stopped at time : 335 ns : File "E:/Škola/DE1/Project_MorseCode/Vivado/PRJmorse/PRJmorse.srcs/sim_1/new/tb_morse_deliver.vhd" Line 65
step
Stopped at time : 335 ns : File "E:/Škola/DE1/Project_MorseCode/Vivado/PRJmorse/PRJmorse.srcs/sim_1/new/tb_morse_deliver.vhd" Line 66
step
Stopped at time : 335 ns : File "E:/Škola/DE1/Project_MorseCode/Vivado/PRJmorse/PRJmorse.srcs/sources_1/new/morse_deliver.vhd" Line 50
step
Stopped at time : 335 ns : File "E:/Škola/DE1/Project_MorseCode/Vivado/PRJmorse/PRJmorse.srcs/sources_1/new/morse_deliver.vhd" Line 51
step
Stopped at time : 335 ns : File "E:/Škola/DE1/Project_MorseCode/Vivado/PRJmorse/PRJmorse.srcs/sources_1/new/morse_deliver.vhd" Line 52
step
Stopped at time : 335 ns : File "E:/Škola/DE1/Project_MorseCode/Vivado/PRJmorse/PRJmorse.srcs/sources_1/new/morse_deliver.vhd" Line 53
step
Stopped at time : 335 ns : File "E:/Škola/DE1/Project_MorseCode/Vivado/PRJmorse/PRJmorse.srcs/sources_1/new/morse_deliver.vhd" Line 54
step
Stopped at time : 335 ns : File "E:/Škola/DE1/Project_MorseCode/Vivado/PRJmorse/PRJmorse.srcs/sources_1/new/morse_deliver.vhd" Line 134
step
Stopped at time : 335 ns : File "E:/Škola/DE1/Project_MorseCode/Vivado/PRJmorse/PRJmorse.srcs/sources_1/new/morse_deliver.vhd" Line 135
step
Stopped at time : 335 ns : File "E:/Škola/DE1/Project_MorseCode/Vivado/PRJmorse/PRJmorse.srcs/sources_1/new/morse_deliver.vhd" Line 136
step
Stopped at time : 335 ns : File "E:/Škola/DE1/Project_MorseCode/Vivado/PRJmorse/PRJmorse.srcs/sources_1/new/morse_deliver.vhd" Line 142
step
Stopped at time : 335 ns : File "E:/Škola/DE1/Project_MorseCode/Vivado/PRJmorse/PRJmorse.srcs/sources_1/new/morse_deliver.vhd" Line 143
step
Stopped at time : 335 ns : File "E:/Škola/DE1/Project_MorseCode/Vivado/PRJmorse/PRJmorse.srcs/sources_1/new/morse_deliver.vhd" Line 144
step
Stopped at time : 340 ns : File "E:/Škola/DE1/Project_MorseCode/Vivado/PRJmorse/PRJmorse.srcs/sim_1/new/tb_morse_deliver.vhd" Line 63
step
Stopped at time : 340 ns : File "E:/Škola/DE1/Project_MorseCode/Vivado/PRJmorse/PRJmorse.srcs/sim_1/new/tb_morse_deliver.vhd" Line 64
step
Stopped at time : 340 ns : File "E:/Škola/DE1/Project_MorseCode/Vivado/PRJmorse/PRJmorse.srcs/sources_1/new/morse_deliver.vhd" Line 50
step
Stopped at time : 345 ns : File "E:/Škola/DE1/Project_MorseCode/Vivado/PRJmorse/PRJmorse.srcs/sim_1/new/tb_morse_deliver.vhd" Line 65
step
Stopped at time : 345 ns : File "E:/Škola/DE1/Project_MorseCode/Vivado/PRJmorse/PRJmorse.srcs/sim_1/new/tb_morse_deliver.vhd" Line 66
step
Stopped at time : 345 ns : File "E:/Škola/DE1/Project_MorseCode/Vivado/PRJmorse/PRJmorse.srcs/sources_1/new/morse_deliver.vhd" Line 50
step
Stopped at time : 345 ns : File "E:/Škola/DE1/Project_MorseCode/Vivado/PRJmorse/PRJmorse.srcs/sources_1/new/morse_deliver.vhd" Line 51
step
Stopped at time : 345 ns : File "E:/Škola/DE1/Project_MorseCode/Vivado/PRJmorse/PRJmorse.srcs/sources_1/new/morse_deliver.vhd" Line 52
step
Stopped at time : 345 ns : File "E:/Škola/DE1/Project_MorseCode/Vivado/PRJmorse/PRJmorse.srcs/sources_1/new/morse_deliver.vhd" Line 53
step
Stopped at time : 345 ns : File "E:/Škola/DE1/Project_MorseCode/Vivado/PRJmorse/PRJmorse.srcs/sources_1/new/morse_deliver.vhd" Line 54
step
Stopped at time : 345 ns : File "E:/Škola/DE1/Project_MorseCode/Vivado/PRJmorse/PRJmorse.srcs/sources_1/new/morse_deliver.vhd" Line 134
step
Stopped at time : 345 ns : File "E:/Škola/DE1/Project_MorseCode/Vivado/PRJmorse/PRJmorse.srcs/sources_1/new/morse_deliver.vhd" Line 135
step
Stopped at time : 345 ns : File "E:/Škola/DE1/Project_MorseCode/Vivado/PRJmorse/PRJmorse.srcs/sources_1/new/morse_deliver.vhd" Line 136
step
Stopped at time : 345 ns : File "E:/Škola/DE1/Project_MorseCode/Vivado/PRJmorse/PRJmorse.srcs/sources_1/new/morse_deliver.vhd" Line 142
run all
Stopped at time : 672 ns : File "E:/Škola/DE1/Project_MorseCode/Vivado/PRJmorse/PRJmorse.srcs/sim_1/new/tb_morse_deliver.vhd" Line 78
remove_bps -file {E:/Škola/DE1/Project_MorseCode/Vivado/PRJmorse/PRJmorse.srcs/sim_1/new/tb_morse_deliver.vhd} -line 78
run all
run: Time (s): cpu = 00:01:19 ; elapsed = 00:07:20 . Memory (MB): peak = 1679.648 ; gain = 0.000
relaunch_sim
