#-----------------------------------------------------------
# Vivado v2020.2 (64-bit)
# SW Build 3064766 on Wed Nov 18 09:12:45 MST 2020
# IP Build 3064653 on Wed Nov 18 14:17:31 MST 2020
# Start of session at: Wed Apr 12 13:09:47 2023
# Process ID: 10024
# Current directory: C:/Users/240225/Documents/Project_MorseCode/MorseCode
# Command line: vivado.exe -gui_launcher_event rodinguilauncherevent1552 C:\Users\240225\Documents\Project_MorseCode\MorseCode\MorseCode.xpr
# Log file: C:/Users/240225/Documents/Project_MorseCode/MorseCode/vivado.log
# Journal file: C:/Users/240225/Documents/Project_MorseCode/MorseCode\vivado.jou
#-----------------------------------------------------------
start_guioopen_project C:/Users/240225/Documents/Project_MorseCode/MorseCode/MorseCode.xpr
INFO: [Project 1-313] Project file moved from 'E:/Škola/DE1/Project_MorseCode/MorseCode' since last save.
WARNING: [filemgmt 56-2] Default IP Output Path : Could not find the directory 'C:/Users/240225/Documents/Project_MorseCode/MorseCode/MorseCode.gen/sources_1', nor could it be found using path 'E:/Škola/DE1/Project_MorseCode/MorseCode/MorseCode.gen/sources_1'.
Scanning sources...
Finished scanning sources
INFO: [IP_Flow 19-234] Refreshing IP repositories
INFO: [IP_Flow 19-1704] No user IP repositories specified
INFO: [IP_Flow 19-2313] Loaded Vivado IP repository 'C:/appz/Xilinx/Vivado/2020.2/data/ip'.
update_compile_order -fileset sources_1
export_ip_user_files -of_objects  [get_files C:/Users/240225/Documents/Project_MorseCode/MorseCode/Morseexit
INFO: [Common 17-206] Exiting Vivado at Wed Apr 12 13:22:41 2023...

remove_files  C:/Users/240225/Documents/Project_MorseCode/MorseCode/MorseCode.srcs/sources_1/new/but_to_morse.vhd
close [ open C:/Users/240225/Documents/Project_MorseCode/MorseCode/MorseCode.srcs/sources_1/new/click_me_daddy.vhd w ]
add_files C:/Users/240225/Documents/Project_MorseCode/MorseCode/MorseCode.srcs/sources_1/new/click_me_daddy.vhd
update_compile_order -fileset sources_1
update_compile_order -fileset sources_1
update_compile_order -fileset sources_1
update_compile_order -fileset sources_1
WARNING: [filemgmt 56-199] Attempt to get parsing info during refresh. "On-the-fly" syntax checking information may be incorrect. [C:\Users\240225\Documents\Project_MorseCode\MorseCode\MorseCode.srcs\sources_1\new\top.vhd:]
WARNING: [filemgmt 56-199] Attempt to get parsing info during refresh. "On-the-fly" syntax checking information may be incorrect. [C:\Users\240225\Documents\Project_MorseCode\MorseCode\MorseCode.srcs\sources_1\new\but_to_morse.vhd:]
WARNING: [filemgmt 56-199] Attempt to get parsing info during refresh. "On-the-fly" syntax checking information may be incorrect. [C:\Users\240225\Documents\Project_MorseCode\MorseCode\MorseCode.srcs\sources_1\new\morse_to_abc.vhd:]
WARNING: [filemgmt 56-199] Attempt to get parsing info during refresh. "On-the-fly" syntax checking information may be incorrect. [C:\Users\240225\Documents\Project_MorseCode\MorseCode\MorseCode.srcs\sources_1\new\abc_to_morse.vhd:]
WARNING: [filemgmt 56-199] Attempt to get parsing info during refresh. "On-the-fly" syntax checking information may be incorrect. [C:\Users\240225\Documents\Project_MorseCode\MorseCode\MorseCode.srcs\sources_1\new\click_me_daddy.vhd:]
WARNING: [filemgmt 56-199] Attempt to get parsing info during refresh. "On-the-fly" syntax checking information may be incorrect. [C:\Users\240225\Documents\Project_MorseCode\MorseCode\MorseCode.srcs\sources_1\new\top.vhd:]
WARNING: [filemgmt 56-199] Attempt to get parsing info during refresh. "On-the-fly" syntax checking information may be incorrect. [C:\Users\240225\Documents\Project_MorseCode\MorseCode\MorseCode.srcs\sources_1\new\but_to_morse.vhd:]
WARNING: [filemgmt 56-199] Attempt to get parsing info during refresh. "On-the-fly" syntax checking information may be incorrect. [C:\Users\240225\Documents\Project_MorseCode\MorseCode\MorseCode.srcs\sources_1\new\morse_to_abc.vhd:]
WARNING: [filemgmt 56-199] Attempt to get parsing info during refresh. "On-the-fly" syntax checking information may be incorrect. [C:\Users\240225\Documents\Project_MorseCode\MorseCode\MorseCode.srcs\sources_1\new\abc_to_morse.vhd:]
WARNING: [filemgmt 56-199] Attempt to get parsing info during refresh. "On-the-fly" syntax checking information may be incorrect. [C:\Users\240225\Documents\Project_MorseCode\MorseCode\MorseCode.srcs\sources_1\new\click_me_daddy.vhd:]
ERROR: [Common 17-180] Spawn failed: No error
ERROR: [Common 17-180] Spawn failed: No error
export_ip_user_files -of_objects  [get_files C:/Users/240225/Documents/Project_MorseCode/MorseCode/MorseCode.srcs/sources_1/new/abc_to_morse.vhd] -no_script -reset -force -quiet
remove_files  C:/Users/240225/Documents/Project_MorseCode/MorseCode/MorseCode.srcs/sources_1/new/abc_to_morse.vhd
export_ip_user_files -of_objects  [get_files C:/Users/240225/Documents/Project_MorseCode/MorseCode/MorseCode.srcs/sources_1/new/morse_to_abc.vhd] -no_script -reset -force -quiet
remove_files  C:/Users/240225/Documents/Project_MorseCode/MorseCode/MorseCode.srcs/sources_1/new/morse_to_abc.vhd
exit
INFO: [Common 17-206] Exiting Vivado at Wed Apr 12 14:47:21 2023...
